<?xml version="1.0" encoding="UTF-8"?>
<!-- Generated by org.testng.reporters.JUnitReportReporter -->
<testsuite hostname="TejVijay" failures="0" tests="2" name="neoStoxTest.ValidateNeoStoxAccBalanceNew" time="46.182" errors="0" timestamp="2022-12-22T11:21:21 IST" skipped="0">
  <testcase classname="neoStoxTest.ValidateNeoStoxAccBalanceNew" name="validateUserID" time="14.266"/>
  <system-out>
    <![CDATA[TC validateUserID Success...]]>
  </system-out>
  <testcase classname="neoStoxTest.ValidateNeoStoxAccBalanceNew" name="validateAccBalance" time="31.916"/>
  <system-out>
    <![CDATA[TC validateAccBalance Success...]]>
  </system-out>
</testsuite> <!-- neoStoxTest.ValidateNeoStoxAccBalanceNew -->
